<?xml version="1.0" encoding="UTF-8"?>
<!-- Generated by org.testng.reporters.JUnitXMLReporter -->
<testsuite ignored="0" hostname="DESKTOP-1R9THRC" failures="1" tests="2" name="Surefire test" time="19.115" errors="0" timestamp="2024-05-04T16:34:33 IST">
  <testcase classname="io.cucumber.testng.AbstractTestNGCucumberTests" name="runScenario" time="16.243"/>
  <testcase classname="io.cucumber.testng.AbstractTestNGCucumberTests" name="runScenario" time="17.273">
    <failure type="java.lang.AssertionError" message="expected [Beetroot] but found [No data]">
      <![CDATA[java.lang.AssertionError: expected [Beetroot] but found [No data]
at stepDefinitions.OfferPageStepDefinition.validate_product_name_in_offers_page(OfferPageStepDefinition.java:71)
at ✽.validate product name in offers page matches with Landing Page(file:///D:/OneDrive_App/OneDrive%20-%20TCB/Eclipse%20Workplace/CucumberFramework/src/test/java/features/searchProduct.feature:9)
... Removed 6 stack frames]]>
    </failure>
  </testcase> <!-- runScenario -->
</testsuite> <!-- Surefire test -->
